<?xml version="1.0" encoding="UTF-8"?>
<coverage generated="1643149059551" clover="3.2.0">
  <project timestamp="1643149059551" name="All files">
    <metrics statements="139" coveredstatements="124" conditionals="53" coveredconditionals="42" methods="42" coveredmethods="37" elements="234" coveredelements="203" complexity="0" loc="139" ncloc="139" packages="3" files="9" classes="9"/>
    <package name="src">
      <metrics statements="12" coveredstatements="8" conditionals="0" coveredconditionals="0" methods="7" coveredmethods="5"/>
      <file name="testServer.js" path="/Users/james/OneDrive/Projects/_wknd07_chitter/src/testServer.js">
        <metrics statements="12" coveredstatements="8" conditionals="0" coveredconditionals="0" methods="7" coveredmethods="5"/>
        <line num="5" count="4" type="stmt"/>
        <line num="8" count="3" type="stmt"/>
        <line num="16" count="6" type="stmt"/>
        <line num="42" count="0" type="stmt"/>
        <line num="43" count="0" type="stmt"/>
        <line num="50" count="0" type="stmt"/>
        <line num="51" count="0" type="stmt"/>
        <line num="59" count="4" type="stmt"/>
        <line num="60" count="4" type="stmt"/>
        <line num="61" count="4" type="stmt"/>
        <line num="62" count="9" type="stmt"/>
        <line num="63" count="9" type="stmt"/>
      </file>
    </package>
    <package name="src.component_tests">
      <metrics statements="5" coveredstatements="5" conditionals="0" coveredconditionals="0" methods="1" coveredmethods="1"/>
      <file name="testHelpers.js" path="/Users/james/OneDrive/Projects/_wknd07_chitter/src/component_tests/testHelpers.js">
        <metrics statements="5" coveredstatements="5" conditionals="0" coveredconditionals="0" methods="1" coveredmethods="1"/>
        <line num="4" count="2" type="stmt"/>
        <line num="5" count="3" type="stmt"/>
        <line num="6" count="3" type="stmt"/>
        <line num="7" count="3" type="stmt"/>
        <line num="8" count="3" type="stmt"/>
      </file>
    </package>
    <package name="src.components">
      <metrics statements="122" coveredstatements="111" conditionals="53" coveredconditionals="42" methods="34" coveredmethods="31"/>
      <file name="Account.js" path="/Users/james/OneDrive/Projects/_wknd07_chitter/src/components/Account.js">
        <metrics statements="5" coveredstatements="5" conditionals="0" coveredconditionals="0" methods="2" coveredmethods="2"/>
        <line num="4" count="2" type="stmt"/>
        <line num="6" count="3" type="stmt"/>
        <line num="7" count="1" type="stmt"/>
        <line num="8" count="1" type="stmt"/>
        <line num="11" count="3" type="stmt"/>
      </file>
      <file name="Alert.js" path="/Users/james/OneDrive/Projects/_wknd07_chitter/src/components/Alert.js">
        <metrics statements="21" coveredstatements="16" conditionals="10" coveredconditionals="4" methods="5" coveredmethods="3"/>
        <line num="5" count="1" type="stmt"/>
        <line num="7" count="17" type="stmt"/>
        <line num="9" count="5" type="cond" truecount="2" falsecount="0"/>
        <line num="10" count="1" type="stmt"/>
        <line num="11" count="1" type="cond" truecount="1" falsecount="1"/>
        <line num="12" count="1" type="stmt"/>
        <line num="13" count="1" type="stmt"/>
        <line num="16" count="1" type="stmt"/>
        <line num="17" count="0" type="cond" truecount="0" falsecount="2"/>
        <line num="18" count="0" type="stmt"/>
        <line num="22" count="1" type="stmt"/>
        <line num="23" count="0" type="cond" truecount="0" falsecount="2"/>
        <line num="24" count="0" type="stmt"/>
        <line num="28" count="1" type="stmt"/>
        <line num="29" count="1" type="stmt"/>
        <line num="30" count="1" type="stmt"/>
        <line num="31" count="1" type="stmt"/>
        <line num="32" count="1" type="stmt"/>
        <line num="33" count="1" type="cond" truecount="1" falsecount="1"/>
        <line num="34" count="0" type="stmt"/>
        <line num="41" count="17" type="stmt"/>
      </file>
      <file name="App.js" path="/Users/james/OneDrive/Projects/_wknd07_chitter/src/components/App.js">
        <metrics statements="10" coveredstatements="9" conditionals="8" coveredconditionals="6" methods="2" coveredmethods="2"/>
        <line num="8" count="1" type="stmt"/>
        <line num="10" count="17" type="stmt"/>
        <line num="11" count="17" type="stmt"/>
        <line num="12" count="17" type="stmt"/>
        <line num="13" count="17" type="stmt"/>
        <line num="16" count="17" type="stmt"/>
        <line num="17" count="4" type="stmt"/>
        <line num="18" count="4" type="cond" truecount="1" falsecount="1"/>
        <line num="19" count="0" type="stmt"/>
        <line num="23" count="17" type="stmt"/>
      </file>
      <file name="Feed.js" path="/Users/james/OneDrive/Projects/_wknd07_chitter/src/components/Feed.js">
        <metrics statements="16" coveredstatements="16" conditionals="4" coveredconditionals="4" methods="6" coveredmethods="6"/>
        <line num="6" count="2" type="stmt"/>
        <line num="7" count="8" type="stmt"/>
        <line num="9" count="8" type="stmt"/>
        <line num="10" count="8" type="cond" truecount="2" falsecount="0"/>
        <line num="11" count="2" type="stmt"/>
        <line num="12" count="2" type="stmt"/>
        <line num="14" count="2" type="stmt"/>
        <line num="17" count="8" type="stmt"/>
        <line num="19" count="8" type="stmt"/>
        <line num="20" count="6" type="stmt"/>
        <line num="21" count="6" type="stmt"/>
        <line num="22" count="6" type="stmt"/>
        <line num="24" count="6" type="stmt"/>
        <line num="26" count="6" type="stmt"/>
        <line num="27" count="6" type="stmt"/>
        <line num="31" count="8" type="cond" truecount="2" falsecount="0"/>
      </file>
      <file name="Menu.js" path="/Users/james/OneDrive/Projects/_wknd07_chitter/src/components/Menu.js">
        <metrics statements="12" coveredstatements="11" conditionals="10" coveredconditionals="10" methods="6" coveredmethods="5"/>
        <line num="4" count="1" type="stmt"/>
        <line num="6" count="22" type="stmt"/>
        <line num="8" count="22" type="stmt"/>
        <line num="9" count="6" type="cond" truecount="2" falsecount="0"/>
        <line num="10" count="1" type="stmt"/>
        <line num="12" count="6" type="stmt"/>
        <line num="15" count="22" type="stmt"/>
        <line num="16" count="10" type="stmt"/>
        <line num="19" count="22" type="stmt"/>
        <line num="21" count="4" type="cond" truecount="2" falsecount="0"/>
        <line num="25" count="0" type="cond" truecount="2" falsecount="0"/>
        <line num="29" count="1" type="cond" truecount="2" falsecount="0"/>
      </file>
      <file name="Peep.js" path="/Users/james/OneDrive/Projects/_wknd07_chitter/src/components/Peep.js">
        <metrics statements="26" coveredstatements="23" conditionals="6" coveredconditionals="5" methods="3" coveredmethods="3"/>
        <line num="5" count="2" type="stmt"/>
        <line num="7" count="29" type="stmt"/>
        <line num="8" count="29" type="stmt"/>
        <line num="10" count="29" type="stmt"/>
        <line num="12" count="3" type="stmt"/>
        <line num="13" count="3" type="stmt"/>
        <line num="14" count="3" type="stmt"/>
        <line num="15" count="3" type="stmt"/>
        <line num="16" count="3" type="stmt"/>
        <line num="17" count="3" type="stmt"/>
        <line num="19" count="3" type="cond" truecount="2" falsecount="0"/>
        <line num="20" count="1" type="stmt"/>
        <line num="21" count="2" type="cond" truecount="2" falsecount="0"/>
        <line num="22" count="1" type="stmt"/>
        <line num="23" count="1" type="stmt"/>
        <line num="25" count="1" type="stmt"/>
        <line num="26" count="1" type="stmt"/>
        <line num="27" count="1" type="stmt"/>
        <line num="37" count="1" type="cond" truecount="1" falsecount="1"/>
        <line num="38" count="1" type="stmt"/>
        <line num="39" count="1" type="stmt"/>
        <line num="42" count="0" type="stmt"/>
        <line num="43" count="0" type="stmt"/>
        <line num="44" count="0" type="stmt"/>
        <line num="51" count="29" type="stmt"/>
        <line num="54" count="22" type="stmt"/>
      </file>
      <file name="SignUp.js" path="/Users/james/OneDrive/Projects/_wknd07_chitter/src/components/SignUp.js">
        <metrics statements="32" coveredstatements="31" conditionals="15" coveredconditionals="13" methods="10" coveredmethods="10"/>
        <line num="5" count="2" type="stmt"/>
        <line num="6" count="57" type="stmt"/>
        <line num="7" count="57" type="stmt"/>
        <line num="8" count="57" type="stmt"/>
        <line num="9" count="57" type="stmt"/>
        <line num="10" count="57" type="stmt"/>
        <line num="11" count="57" type="stmt"/>
        <line num="13" count="57" type="stmt"/>
        <line num="14" count="4" type="cond" truecount="2" falsecount="0"/>
        <line num="15" count="1" type="stmt"/>
        <line num="16" count="1" type="stmt"/>
        <line num="20" count="57" type="stmt"/>
        <line num="21" count="26" type="cond" truecount="2" falsecount="0"/>
        <line num="26" count="57" type="stmt"/>
        <line num="27" count="3" type="cond" truecount="2" falsecount="0"/>
        <line num="28" count="1" type="stmt"/>
        <line num="29" count="1" type="stmt"/>
        <line num="30" count="1" type="stmt"/>
        <line num="32" count="3" type="stmt"/>
        <line num="35" count="57" type="stmt"/>
        <line num="36" count="1" type="stmt"/>
        <line num="37" count="1" type="stmt"/>
        <line num="38" count="1" type="cond" truecount="4" falsecount="1"/>
        <line num="39" count="1" type="stmt"/>
        <line num="45" count="1" type="cond" truecount="1" falsecount="1"/>
        <line num="46" count="1" type="stmt"/>
        <line num="50" count="0" type="stmt"/>
        <line num="54" count="57" type="stmt"/>
        <line num="65" count="5" type="stmt"/>
        <line num="77" count="12" type="stmt"/>
        <line num="89" count="12" type="stmt"/>
        <line num="100" count="1" type="stmt"/>
      </file>
    </package>
  </project>
</coverage>
