{"/Users/james/OneDrive/Projects/_wknd07_chitter/src/testServer.js": {"path":"/Users/james/OneDrive/Projects/_wknd07_chitter/src/testServer.js","statementMap":{"0":{"start":{"line":5,"column":15},"end":{"line":57,"column":1}},"1":{"start":{"line":8,"column":4},"end":{"line":11,"column":5}},"2":{"start":{"line":16,"column":8},"end":{"line":38,"column":9}},"3":{"start":{"line":42,"column":4},"end":{"line":42,"column":94}},"4":{"start":{"line":43,"column":4},"end":{"line":46,"column":5}},"5":{"start":{"line":50,"column":4},"end":{"line":50,"column":94}},"6":{"start":{"line":51,"column":4},"end":{"line":54,"column":5}},"7":{"start":{"line":59,"column":0},"end":{"line":59,"column":33}},"8":{"start":{"line":59,"column":16},"end":{"line":59,"column":31}},"9":{"start":{"line":60,"column":0},"end":{"line":60,"column":31}},"10":{"start":{"line":60,"column":15},"end":{"line":60,"column":29}},"11":{"start":{"line":61,"column":0},"end":{"line":64,"column":3}},"12":{"start":{"line":62,"column":2},"end":{"line":62,"column":24}},"13":{"start":{"line":63,"column":2},"end":{"line":63,"column":33}}},"fnMap":{"0":{"name":"(anonymous_0)","decl":{"start":{"line":7,"column":69},"end":{"line":7,"column":70}},"loc":{"start":{"line":7,"column":88},"end":{"line":12,"column":3}},"line":7},"1":{"name":"(anonymous_1)","decl":{"start":{"line":15,"column":65},"end":{"line":15,"column":66}},"loc":{"start":{"line":15,"column":84},"end":{"line":39,"column":7}},"line":15},"2":{"name":"(anonymous_2)","decl":{"start":{"line":41,"column":17},"end":{"line":41,"column":18}},"loc":{"start":{"line":41,"column":36},"end":{"line":47,"column":3}},"line":41},"3":{"name":"(anonymous_3)","decl":{"start":{"line":49,"column":16},"end":{"line":49,"column":17}},"loc":{"start":{"line":49,"column":35},"end":{"line":55,"column":3}},"line":49},"4":{"name":"(anonymous_4)","decl":{"start":{"line":59,"column":10},"end":{"line":59,"column":11}},"loc":{"start":{"line":59,"column":16},"end":{"line":59,"column":31}},"line":59},"5":{"name":"(anonymous_5)","decl":{"start":{"line":60,"column":9},"end":{"line":60,"column":10}},"loc":{"start":{"line":60,"column":15},"end":{"line":60,"column":29}},"line":60},"6":{"name":"(anonymous_6)","decl":{"start":{"line":61,"column":10},"end":{"line":61,"column":11}},"loc":{"start":{"line":61,"column":16},"end":{"line":64,"column":1}},"line":61}},"branchMap":{},"s":{"0":4,"1":3,"2":6,"3":0,"4":0,"5":0,"6":0,"7":4,"8":4,"9":4,"10":4,"11":4,"12":9,"13":9},"f":{"0":3,"1":6,"2":0,"3":0,"4":4,"5":4,"6":9},"b":{},"_coverageSchema":"1a1c01bbd47fc00a2c39e90264f33305004495a9","hash":"a741245f236cbb785411ea0f4f525c1a287db5bd"}
,"/Users/james/OneDrive/Projects/_wknd07_chitter/src/component_tests/testHelpers.js": {"path":"/Users/james/OneDrive/Projects/_wknd07_chitter/src/component_tests/testHelpers.js","statementMap":{"0":{"start":{"line":4,"column":15},"end":{"line":9,"column":1}},"1":{"start":{"line":5,"column":2},"end":{"line":5,"column":46}},"2":{"start":{"line":6,"column":2},"end":{"line":6,"column":63}},"3":{"start":{"line":7,"column":2},"end":{"line":7,"column":62}},"4":{"start":{"line":8,"column":2},"end":{"line":8,"column":46}}},"fnMap":{"0":{"name":"(anonymous_0)","decl":{"start":{"line":4,"column":15},"end":{"line":4,"column":16}},"loc":{"start":{"line":4,"column":21},"end":{"line":9,"column":1}},"line":4}},"branchMap":{},"s":{"0":2,"1":3,"2":3,"3":3,"4":3},"f":{"0":3},"b":{},"_coverageSchema":"1a1c01bbd47fc00a2c39e90264f33305004495a9","hash":"019e3186a039956fc2ab33a9440cac544aa795e7"}
,"/Users/james/OneDrive/Projects/_wknd07_chitter/src/components/Account.js": {"path":"/Users/james/OneDrive/Projects/_wknd07_chitter/src/components/Account.js","statementMap":{"0":{"start":{"line":4,"column":16},"end":{"line":39,"column":1}},"1":{"start":{"line":6,"column":18},"end":{"line":9,"column":3}},"2":{"start":{"line":7,"column":4},"end":{"line":7,"column":35}},"3":{"start":{"line":8,"column":4},"end":{"line":8,"column":21}},"4":{"start":{"line":11,"column":2},"end":{"line":38,"column":3}}},"fnMap":{"0":{"name":"(anonymous_0)","decl":{"start":{"line":4,"column":16},"end":{"line":4,"column":17}},"loc":{"start":{"line":4,"column":45},"end":{"line":39,"column":1}},"line":4},"1":{"name":"(anonymous_1)","decl":{"start":{"line":6,"column":18},"end":{"line":6,"column":19}},"loc":{"start":{"line":6,"column":24},"end":{"line":9,"column":3}},"line":6}},"branchMap":{},"s":{"0":2,"1":3,"2":1,"3":1,"4":3},"f":{"0":3,"1":1},"b":{},"_coverageSchema":"1a1c01bbd47fc00a2c39e90264f33305004495a9","hash":"7f626c911d7bbdc7f8f8a5e1aafa0a12fa3ab077"}
,"/Users/james/OneDrive/Projects/_wknd07_chitter/src/components/Alert.js": {"path":"/Users/james/OneDrive/Projects/_wknd07_chitter/src/components/Alert.js","statementMap":{"0":{"start":{"line":5,"column":14},"end":{"line":49,"column":1}},"1":{"start":{"line":7,"column":2},"end":{"line":39,"column":23}},"2":{"start":{"line":9,"column":4},"end":{"line":37,"column":5}},"3":{"start":{"line":10,"column":20},"end":{"line":10,"column":57}},"4":{"start":{"line":11,"column":6},"end":{"line":14,"column":7}},"5":{"start":{"line":12,"column":8},"end":{"line":12,"column":37}},"6":{"start":{"line":13,"column":8},"end":{"line":13,"column":32}},"7":{"start":{"line":16,"column":24},"end":{"line":20,"column":14}},"8":{"start":{"line":17,"column":8},"end":{"line":19,"column":9}},"9":{"start":{"line":18,"column":10},"end":{"line":18,"column":34}},"10":{"start":{"line":22,"column":24},"end":{"line":26,"column":14}},"11":{"start":{"line":23,"column":8},"end":{"line":25,"column":9}},"12":{"start":{"line":24,"column":10},"end":{"line":24,"column":39}},"13":{"start":{"line":28,"column":6},"end":{"line":36,"column":7}},"14":{"start":{"line":29,"column":8},"end":{"line":29,"column":23}},"15":{"start":{"line":30,"column":22},"end":{"line":30,"column":59}},"16":{"start":{"line":31,"column":8},"end":{"line":31,"column":33}},"17":{"start":{"line":32,"column":8},"end":{"line":32,"column":33}},"18":{"start":{"line":33,"column":8},"end":{"line":35,"column":9}},"19":{"start":{"line":34,"column":10},"end":{"line":34,"column":38}},"20":{"start":{"line":41,"column":4},"end":{"line":47,"column":5}}},"fnMap":{"0":{"name":"(anonymous_0)","decl":{"start":{"line":5,"column":14},"end":{"line":5,"column":15}},"loc":{"start":{"line":5,"column":39},"end":{"line":49,"column":1}},"line":5},"1":{"name":"(anonymous_1)","decl":{"start":{"line":7,"column":12},"end":{"line":7,"column":13}},"loc":{"start":{"line":7,"column":18},"end":{"line":39,"column":3}},"line":7},"2":{"name":"(anonymous_2)","decl":{"start":{"line":16,"column":35},"end":{"line":16,"column":36}},"loc":{"start":{"line":16,"column":41},"end":{"line":20,"column":7}},"line":16},"3":{"name":"(anonymous_3)","decl":{"start":{"line":22,"column":35},"end":{"line":22,"column":36}},"loc":{"start":{"line":22,"column":41},"end":{"line":26,"column":7}},"line":22},"4":{"name":"(anonymous_4)","decl":{"start":{"line":28,"column":13},"end":{"line":28,"column":14}},"loc":{"start":{"line":28,"column":19},"end":{"line":36,"column":7}},"line":28}},"branchMap":{"0":{"loc":{"start":{"line":9,"column":4},"end":{"line":37,"column":5}},"type":"if","locations":[{"start":{"line":9,"column":4},"end":{"line":37,"column":5}},{"start":{},"end":{}}],"line":9},"1":{"loc":{"start":{"line":11,"column":6},"end":{"line":14,"column":7}},"type":"if","locations":[{"start":{"line":11,"column":6},"end":{"line":14,"column":7}},{"start":{},"end":{}}],"line":11},"2":{"loc":{"start":{"line":17,"column":8},"end":{"line":19,"column":9}},"type":"if","locations":[{"start":{"line":17,"column":8},"end":{"line":19,"column":9}},{"start":{},"end":{}}],"line":17},"3":{"loc":{"start":{"line":23,"column":8},"end":{"line":25,"column":9}},"type":"if","locations":[{"start":{"line":23,"column":8},"end":{"line":25,"column":9}},{"start":{},"end":{}}],"line":23},"4":{"loc":{"start":{"line":33,"column":8},"end":{"line":35,"column":9}},"type":"if","locations":[{"start":{"line":33,"column":8},"end":{"line":35,"column":9}},{"start":{},"end":{}}],"line":33}},"s":{"0":1,"1":17,"2":5,"3":1,"4":1,"5":1,"6":1,"7":1,"8":0,"9":0,"10":1,"11":0,"12":0,"13":1,"14":1,"15":1,"16":1,"17":1,"18":1,"19":0,"20":17},"f":{"0":17,"1":5,"2":0,"3":0,"4":1},"b":{"0":[1,4],"1":[1,0],"2":[0,0],"3":[0,0],"4":[0,1]},"_coverageSchema":"1a1c01bbd47fc00a2c39e90264f33305004495a9","hash":"608cdac26e6d5e18f9449962b7b285e3260a4f12"}
,"/Users/james/OneDrive/Projects/_wknd07_chitter/src/components/App.js": {"path":"/Users/james/OneDrive/Projects/_wknd07_chitter/src/components/App.js","statementMap":{"0":{"start":{"line":8,"column":12},"end":{"line":39,"column":1}},"1":{"start":{"line":10,"column":30},"end":{"line":10,"column":46}},"2":{"start":{"line":11,"column":32},"end":{"line":11,"column":47}},"3":{"start":{"line":12,"column":28},"end":{"line":12,"column":43}},"4":{"start":{"line":13,"column":34},"end":{"line":13,"column":49}},"5":{"start":{"line":16,"column":2},"end":{"line":21,"column":8}},"6":{"start":{"line":17,"column":17},"end":{"line":17,"column":45}},"7":{"start":{"line":18,"column":4},"end":{"line":20,"column":5}},"8":{"start":{"line":19,"column":6},"end":{"line":19,"column":34}},"9":{"start":{"line":23,"column":2},"end":{"line":38,"column":3}}},"fnMap":{"0":{"name":"(anonymous_0)","decl":{"start":{"line":8,"column":12},"end":{"line":8,"column":13}},"loc":{"start":{"line":8,"column":18},"end":{"line":39,"column":1}},"line":8},"1":{"name":"(anonymous_1)","decl":{"start":{"line":16,"column":12},"end":{"line":16,"column":13}},"loc":{"start":{"line":16,"column":18},"end":{"line":21,"column":3}},"line":16}},"branchMap":{"0":{"loc":{"start":{"line":18,"column":4},"end":{"line":20,"column":5}},"type":"if","locations":[{"start":{"line":18,"column":4},"end":{"line":20,"column":5}},{"start":{},"end":{}}],"line":18},"1":{"loc":{"start":{"line":30,"column":8},"end":{"line":33,"column":12}},"type":"cond-expr","locations":[{"start":{"line":30,"column":29},"end":{"line":30,"column":100}},{"start":{"line":31,"column":8},"end":{"line":33,"column":12}}],"line":30},"2":{"loc":{"start":{"line":31,"column":8},"end":{"line":33,"column":12}},"type":"cond-expr","locations":[{"start":{"line":31,"column":28},"end":{"line":31,"column":36}},{"start":{"line":32,"column":8},"end":{"line":33,"column":12}}],"line":31},"3":{"loc":{"start":{"line":32,"column":8},"end":{"line":33,"column":12}},"type":"cond-expr","locations":[{"start":{"line":32,"column":28},"end":{"line":32,"column":58}},{"start":{"line":33,"column":10},"end":{"line":33,"column":12}}],"line":32}},"s":{"0":1,"1":17,"2":17,"3":17,"4":17,"5":17,"6":4,"7":4,"8":0,"9":17},"f":{"0":17,"1":4},"b":{"0":[0,4],"1":[9,8],"2":[5,3],"3":[3,0]},"_coverageSchema":"1a1c01bbd47fc00a2c39e90264f33305004495a9","hash":"62c046ba1746fb6fbe156a75886d75d3414780fb"}
,"/Users/james/OneDrive/Projects/_wknd07_chitter/src/components/Feed.js": {"path":"/Users/james/OneDrive/Projects/_wknd07_chitter/src/components/Feed.js","statementMap":{"0":{"start":{"line":6,"column":13},"end":{"line":40,"column":1}},"1":{"start":{"line":7,"column":28},"end":{"line":7,"column":40}},"2":{"start":{"line":9,"column":23},"end":{"line":16,"column":3}},"3":{"start":{"line":10,"column":4},"end":{"line":15,"column":5}},"4":{"start":{"line":11,"column":27},"end":{"line":13,"column":8}},"5":{"start":{"line":12,"column":8},"end":{"line":12,"column":46}},"6":{"start":{"line":14,"column":6},"end":{"line":14,"column":26}},"7":{"start":{"line":17,"column":24},"end":{"line":17,"column":38}},"8":{"start":{"line":19,"column":2},"end":{"line":29,"column":9}},"9":{"start":{"line":20,"column":21},"end":{"line":23,"column":5}},"10":{"start":{"line":21,"column":23},"end":{"line":21,"column":50}},"11":{"start":{"line":22,"column":6},"end":{"line":22,"column":30}},"12":{"start":{"line":24,"column":4},"end":{"line":24,"column":15}},"13":{"start":{"line":26,"column":4},"end":{"line":28,"column":5}},"14":{"start":{"line":27,"column":6},"end":{"line":27,"column":19}},"15":{"start":{"line":31,"column":2},"end":{"line":39,"column":4}}},"fnMap":{"0":{"name":"(anonymous_0)","decl":{"start":{"line":6,"column":13},"end":{"line":6,"column":14}},"loc":{"start":{"line":6,"column":19},"end":{"line":40,"column":1}},"line":6},"1":{"name":"(anonymous_1)","decl":{"start":{"line":9,"column":23},"end":{"line":9,"column":24}},"loc":{"start":{"line":9,"column":29},"end":{"line":16,"column":3}},"line":9},"2":{"name":"(anonymous_2)","decl":{"start":{"line":11,"column":37},"end":{"line":11,"column":38}},"loc":{"start":{"line":12,"column":8},"end":{"line":12,"column":46}},"line":12},"3":{"name":"(anonymous_3)","decl":{"start":{"line":19,"column":12},"end":{"line":19,"column":13}},"loc":{"start":{"line":19,"column":18},"end":{"line":29,"column":3}},"line":19},"4":{"name":"(anonymous_4)","decl":{"start":{"line":20,"column":21},"end":{"line":20,"column":22}},"loc":{"start":{"line":20,"column":33},"end":{"line":23,"column":5}},"line":20},"5":{"name":"(anonymous_5)","decl":{"start":{"line":26,"column":11},"end":{"line":26,"column":12}},"loc":{"start":{"line":26,"column":17},"end":{"line":28,"column":5}},"line":26}},"branchMap":{"0":{"loc":{"start":{"line":10,"column":4},"end":{"line":15,"column":5}},"type":"if","locations":[{"start":{"line":10,"column":4},"end":{"line":15,"column":5}},{"start":{},"end":{}}],"line":10},"1":{"loc":{"start":{"line":31,"column":9},"end":{"line":39,"column":3}},"type":"cond-expr","locations":[{"start":{"line":32,"column":4},"end":{"line":34,"column":10}},{"start":{"line":36,"column":4},"end":{"line":38,"column":10}}],"line":31}},"s":{"0":2,"1":8,"2":8,"3":8,"4":2,"5":2,"6":2,"7":8,"8":8,"9":6,"10":6,"11":6,"12":6,"13":6,"14":6,"15":8},"f":{"0":8,"1":8,"2":2,"3":6,"4":6,"5":6},"b":{"0":[2,6],"1":[2,6]},"_coverageSchema":"1a1c01bbd47fc00a2c39e90264f33305004495a9","hash":"66ac3ed6eef8c6bef593b43965b917caf285e99d"}
,"/Users/james/OneDrive/Projects/_wknd07_chitter/src/components/Menu.js": {"path":"/Users/james/OneDrive/Projects/_wknd07_chitter/src/components/Menu.js","statementMap":{"0":{"start":{"line":4,"column":13},"end":{"line":35,"column":1}},"1":{"start":{"line":6,"column":30},"end":{"line":6,"column":46}},"2":{"start":{"line":8,"column":2},"end":{"line":13,"column":29}},"3":{"start":{"line":9,"column":4},"end":{"line":11,"column":5}},"4":{"start":{"line":10,"column":6},"end":{"line":10,"column":23}},"5":{"start":{"line":12,"column":4},"end":{"line":12,"column":22}},"6":{"start":{"line":15,"column":2},"end":{"line":17,"column":27}},"7":{"start":{"line":16,"column":6},"end":{"line":16,"column":25}},"8":{"start":{"line":19,"column":2},"end":{"line":34,"column":3}},"9":{"start":{"line":21,"column":90},"end":{"line":21,"column":108}},"10":{"start":{"line":25,"column":88},"end":{"line":25,"column":105}},"11":{"start":{"line":29,"column":88},"end":{"line":29,"column":105}}},"fnMap":{"0":{"name":"(anonymous_0)","decl":{"start":{"line":4,"column":13},"end":{"line":4,"column":14}},"loc":{"start":{"line":4,"column":68},"end":{"line":35,"column":1}},"line":4},"1":{"name":"(anonymous_1)","decl":{"start":{"line":8,"column":12},"end":{"line":8,"column":13}},"loc":{"start":{"line":8,"column":18},"end":{"line":13,"column":3}},"line":8},"2":{"name":"(anonymous_2)","decl":{"start":{"line":15,"column":12},"end":{"line":15,"column":13}},"loc":{"start":{"line":15,"column":18},"end":{"line":17,"column":3}},"line":15},"3":{"name":"(anonymous_3)","decl":{"start":{"line":21,"column":83},"end":{"line":21,"column":84}},"loc":{"start":{"line":21,"column":89},"end":{"line":21,"column":109}},"line":21},"4":{"name":"(anonymous_4)","decl":{"start":{"line":25,"column":81},"end":{"line":25,"column":82}},"loc":{"start":{"line":25,"column":87},"end":{"line":25,"column":106}},"line":25},"5":{"name":"(anonymous_5)","decl":{"start":{"line":29,"column":81},"end":{"line":29,"column":82}},"loc":{"start":{"line":29,"column":87},"end":{"line":29,"column":106}},"line":29}},"branchMap":{"0":{"loc":{"start":{"line":9,"column":4},"end":{"line":11,"column":5}},"type":"if","locations":[{"start":{"line":9,"column":4},"end":{"line":11,"column":5}},{"start":{},"end":{}}],"line":9},"1":{"loc":{"start":{"line":21,"column":36},"end":{"line":21,"column":70}},"type":"cond-expr","locations":[{"start":{"line":21,"column":57},"end":{"line":21,"column":65}},{"start":{"line":21,"column":68},"end":{"line":21,"column":70}}],"line":21},"2":{"loc":{"start":{"line":23,"column":34},"end":{"line":23,"column":69}},"type":"cond-expr","locations":[{"start":{"line":23,"column":44},"end":{"line":23,"column":58}},{"start":{"line":23,"column":61},"end":{"line":23,"column":69}}],"line":23},"3":{"loc":{"start":{"line":25,"column":35},"end":{"line":25,"column":68}},"type":"cond-expr","locations":[{"start":{"line":25,"column":55},"end":{"line":25,"column":63}},{"start":{"line":25,"column":66},"end":{"line":25,"column":68}}],"line":25},"4":{"loc":{"start":{"line":29,"column":35},"end":{"line":29,"column":68}},"type":"cond-expr","locations":[{"start":{"line":29,"column":55},"end":{"line":29,"column":63}},{"start":{"line":29,"column":66},"end":{"line":29,"column":68}}],"line":29}},"s":{"0":1,"1":22,"2":22,"3":6,"4":1,"5":6,"6":22,"7":10,"8":22,"9":4,"10":0,"11":1},"f":{"0":22,"1":6,"2":10,"3":4,"4":0,"5":1},"b":{"0":[1,5],"1":[13,9],"2":[8,14],"3":[6,16],"4":[3,19]},"_coverageSchema":"1a1c01bbd47fc00a2c39e90264f33305004495a9","hash":"516ab2b6a085363085540ca8439dc5da5a294619"}
,"/Users/james/OneDrive/Projects/_wknd07_chitter/src/components/Peep.js": {"path":"/Users/james/OneDrive/Projects/_wknd07_chitter/src/components/Peep.js","statementMap":{"0":{"start":{"line":5,"column":13},"end":{"line":58,"column":1}},"1":{"start":{"line":7,"column":26},"end":{"line":7,"column":38}},"2":{"start":{"line":8,"column":40},"end":{"line":8,"column":70}},"3":{"start":{"line":10,"column":23},"end":{"line":48,"column":3}},"4":{"start":{"line":12,"column":4},"end":{"line":12,"column":27}},"5":{"start":{"line":13,"column":29},"end":{"line":13,"column":186}},"6":{"start":{"line":14,"column":26},"end":{"line":14,"column":205}},"7":{"start":{"line":15,"column":33},"end":{"line":15,"column":52}},"8":{"start":{"line":16,"column":30},"end":{"line":16,"column":41}},"9":{"start":{"line":17,"column":17},"end":{"line":17,"column":44}},"10":{"start":{"line":19,"column":4},"end":{"line":46,"column":5}},"11":{"start":{"line":20,"column":6},"end":{"line":20,"column":73}},"12":{"start":{"line":21,"column":11},"end":{"line":46,"column":5}},"13":{"start":{"line":22,"column":6},"end":{"line":22,"column":17}},"14":{"start":{"line":23,"column":6},"end":{"line":23,"column":67}},"15":{"start":{"line":25,"column":6},"end":{"line":44,"column":7}},"16":{"start":{"line":26,"column":41},"end":{"line":26,"column":81}},"17":{"start":{"line":27,"column":20},"end":{"line":36,"column":10}},"18":{"start":{"line":37,"column":8},"end":{"line":39,"column":9}},"19":{"start":{"line":38,"column":10},"end":{"line":38,"column":24}},"20":{"start":{"line":41,"column":8},"end":{"line":41,"column":19}},"21":{"start":{"line":42,"column":8},"end":{"line":42,"column":67}},"22":{"start":{"line":43,"column":8},"end":{"line":43,"column":22}},"23":{"start":{"line":50,"column":2},"end":{"line":57,"column":3}},"24":{"start":{"line":53,"column":46},"end":{"line":53,"column":69}}},"fnMap":{"0":{"name":"(anonymous_0)","decl":{"start":{"line":5,"column":13},"end":{"line":5,"column":14}},"loc":{"start":{"line":5,"column":31},"end":{"line":58,"column":1}},"line":5},"1":{"name":"(anonymous_1)","decl":{"start":{"line":10,"column":23},"end":{"line":10,"column":24}},"loc":{"start":{"line":10,"column":40},"end":{"line":48,"column":3}},"line":10},"2":{"name":"(anonymous_2)","decl":{"start":{"line":53,"column":41},"end":{"line":53,"column":42}},"loc":{"start":{"line":53,"column":46},"end":{"line":53,"column":69}},"line":53}},"branchMap":{"0":{"loc":{"start":{"line":19,"column":4},"end":{"line":46,"column":5}},"type":"if","locations":[{"start":{"line":19,"column":4},"end":{"line":46,"column":5}},{"start":{"line":21,"column":11},"end":{"line":46,"column":5}}],"line":19},"1":{"loc":{"start":{"line":21,"column":11},"end":{"line":46,"column":5}},"type":"if","locations":[{"start":{"line":21,"column":11},"end":{"line":46,"column":5}},{"start":{"line":24,"column":11},"end":{"line":46,"column":5}}],"line":21},"2":{"loc":{"start":{"line":37,"column":8},"end":{"line":39,"column":9}},"type":"if","locations":[{"start":{"line":37,"column":8},"end":{"line":39,"column":9}},{"start":{},"end":{}}],"line":37}},"s":{"0":2,"1":29,"2":29,"3":29,"4":3,"5":3,"6":3,"7":3,"8":3,"9":3,"10":3,"11":1,"12":2,"13":1,"14":1,"15":1,"16":1,"17":1,"18":1,"19":1,"20":0,"21":0,"22":0,"23":29,"24":22},"f":{"0":29,"1":3,"2":22},"b":{"0":[1,2],"1":[1,1],"2":[1,0]},"_coverageSchema":"1a1c01bbd47fc00a2c39e90264f33305004495a9","hash":"c05dbe0ad676fd287a0c19be47d2344e72b96a6a"}
,"/Users/james/OneDrive/Projects/_wknd07_chitter/src/components/SignUp.js": {"path":"/Users/james/OneDrive/Projects/_wknd07_chitter/src/components/SignUp.js","statementMap":{"0":{"start":{"line":5,"column":15},"end":{"line":110,"column":1}},"1":{"start":{"line":6,"column":34},"end":{"line":6,"column":46}},"2":{"start":{"line":7,"column":34},"end":{"line":7,"column":46}},"3":{"start":{"line":8,"column":42},"end":{"line":8,"column":54}},"4":{"start":{"line":9,"column":52},"end":{"line":9,"column":66}},"5":{"start":{"line":10,"column":46},"end":{"line":10,"column":58}},"6":{"start":{"line":11,"column":34},"end":{"line":11,"column":49}},"7":{"start":{"line":13,"column":2},"end":{"line":18,"column":38}},"8":{"start":{"line":14,"column":4},"end":{"line":17,"column":5}},"9":{"start":{"line":15,"column":6},"end":{"line":15,"column":24}},"10":{"start":{"line":16,"column":6},"end":{"line":16,"column":28}},"11":{"start":{"line":20,"column":2},"end":{"line":24,"column":31}},"12":{"start":{"line":21,"column":4},"end":{"line":23,"column":35}},"13":{"start":{"line":26,"column":2},"end":{"line":33,"column":42}},"14":{"start":{"line":27,"column":4},"end":{"line":31,"column":5}},"15":{"start":{"line":28,"column":6},"end":{"line":28,"column":25}},"16":{"start":{"line":29,"column":6},"end":{"line":29,"column":26}},"17":{"start":{"line":30,"column":6},"end":{"line":30,"column":71}},"18":{"start":{"line":32,"column":4},"end":{"line":32,"column":20}},"19":{"start":{"line":35,"column":23},"end":{"line":52,"column":3}},"20":{"start":{"line":36,"column":4},"end":{"line":36,"column":27}},"21":{"start":{"line":37,"column":4},"end":{"line":51,"column":5}},"22":{"start":{"line":38,"column":6},"end":{"line":48,"column":7}},"23":{"start":{"line":39,"column":25},"end":{"line":44,"column":10}},"24":{"start":{"line":45,"column":8},"end":{"line":47,"column":9}},"25":{"start":{"line":46,"column":10},"end":{"line":46,"column":38}},"26":{"start":{"line":50,"column":6},"end":{"line":50,"column":21}},"27":{"start":{"line":54,"column":2},"end":{"line":109,"column":4}},"28":{"start":{"line":65,"column":27},"end":{"line":65,"column":54}},"29":{"start":{"line":77,"column":27},"end":{"line":77,"column":54}},"30":{"start":{"line":89,"column":27},"end":{"line":89,"column":58}},"31":{"start":{"line":100,"column":35},"end":{"line":100,"column":54}}},"fnMap":{"0":{"name":"(anonymous_0)","decl":{"start":{"line":5,"column":15},"end":{"line":5,"column":16}},"loc":{"start":{"line":5,"column":48},"end":{"line":110,"column":1}},"line":5},"1":{"name":"(anonymous_1)","decl":{"start":{"line":13,"column":12},"end":{"line":13,"column":13}},"loc":{"start":{"line":13,"column":18},"end":{"line":18,"column":3}},"line":13},"2":{"name":"(anonymous_2)","decl":{"start":{"line":20,"column":12},"end":{"line":20,"column":13}},"loc":{"start":{"line":20,"column":18},"end":{"line":24,"column":3}},"line":20},"3":{"name":"(anonymous_3)","decl":{"start":{"line":26,"column":12},"end":{"line":26,"column":13}},"loc":{"start":{"line":26,"column":18},"end":{"line":33,"column":3}},"line":26},"4":{"name":"(anonymous_4)","decl":{"start":{"line":32,"column":11},"end":{"line":32,"column":12}},"loc":{"start":{"line":32,"column":17},"end":{"line":32,"column":19}},"line":32},"5":{"name":"(anonymous_5)","decl":{"start":{"line":35,"column":23},"end":{"line":35,"column":24}},"loc":{"start":{"line":35,"column":40},"end":{"line":52,"column":3}},"line":35},"6":{"name":"(anonymous_6)","decl":{"start":{"line":65,"column":20},"end":{"line":65,"column":21}},"loc":{"start":{"line":65,"column":27},"end":{"line":65,"column":54}},"line":65},"7":{"name":"(anonymous_7)","decl":{"start":{"line":77,"column":20},"end":{"line":77,"column":21}},"loc":{"start":{"line":77,"column":27},"end":{"line":77,"column":54}},"line":77},"8":{"name":"(anonymous_8)","decl":{"start":{"line":89,"column":20},"end":{"line":89,"column":21}},"loc":{"start":{"line":89,"column":27},"end":{"line":89,"column":58}},"line":89},"9":{"name":"(anonymous_9)","decl":{"start":{"line":100,"column":29},"end":{"line":100,"column":30}},"loc":{"start":{"line":100,"column":35},"end":{"line":100,"column":54}},"line":100}},"branchMap":{"0":{"loc":{"start":{"line":14,"column":4},"end":{"line":17,"column":5}},"type":"if","locations":[{"start":{"line":14,"column":4},"end":{"line":17,"column":5}},{"start":{},"end":{}}],"line":14},"1":{"loc":{"start":{"line":21,"column":4},"end":{"line":23,"column":34}},"type":"cond-expr","locations":[{"start":{"line":22,"column":8},"end":{"line":22,"column":35}},{"start":{"line":23,"column":8},"end":{"line":23,"column":34}}],"line":21},"2":{"loc":{"start":{"line":27,"column":4},"end":{"line":31,"column":5}},"type":"if","locations":[{"start":{"line":27,"column":4},"end":{"line":31,"column":5}},{"start":{},"end":{}}],"line":27},"3":{"loc":{"start":{"line":38,"column":6},"end":{"line":48,"column":7}},"type":"if","locations":[{"start":{"line":38,"column":6},"end":{"line":48,"column":7}},{"start":{},"end":{}}],"line":38},"4":{"loc":{"start":{"line":38,"column":10},"end":{"line":38,"column":51}},"type":"binary-expr","locations":[{"start":{"line":38,"column":10},"end":{"line":38,"column":18}},{"start":{"line":38,"column":22},"end":{"line":38,"column":30}},{"start":{"line":38,"column":34},"end":{"line":38,"column":51}}],"line":38},"5":{"loc":{"start":{"line":45,"column":8},"end":{"line":47,"column":9}},"type":"if","locations":[{"start":{"line":45,"column":8},"end":{"line":47,"column":9}},{"start":{},"end":{}}],"line":45},"6":{"loc":{"start":{"line":93,"column":7},"end":{"line":97,"column":7}},"type":"cond-expr","locations":[{"start":{"line":94,"column":8},"end":{"line":94,"column":68}},{"start":{"line":96,"column":8},"end":{"line":96,"column":10}}],"line":93}},"s":{"0":2,"1":57,"2":57,"3":57,"4":57,"5":57,"6":57,"7":57,"8":4,"9":1,"10":1,"11":57,"12":26,"13":57,"14":3,"15":1,"16":1,"17":1,"18":3,"19":57,"20":1,"21":1,"22":1,"23":1,"24":1,"25":1,"26":0,"27":57,"28":5,"29":12,"30":12,"31":1},"f":{"0":57,"1":4,"2":26,"3":3,"4":3,"5":1,"6":5,"7":12,"8":12,"9":1},"b":{"0":[1,3],"1":[23,3],"2":[1,2],"3":[1,0],"4":[1,1,1],"5":[1,0],"6":[46,11]},"_coverageSchema":"1a1c01bbd47fc00a2c39e90264f33305004495a9","hash":"4b1dcc5a63cb7f0bb8f99c258d1dbb76866c8ddf"}
}
