TN:
SF:src/testServer.js
FN:7,(anonymous_0)
FN:15,(anonymous_1)
FN:41,(anonymous_2)
FN:49,(anonymous_3)
FN:59,(anonymous_4)
FN:60,(anonymous_5)
FN:61,(anonymous_6)
FNF:7
FNH:5
FNDA:3,(anonymous_0)
FNDA:6,(anonymous_1)
FNDA:0,(anonymous_2)
FNDA:0,(anonymous_3)
FNDA:4,(anonymous_4)
FNDA:4,(anonymous_5)
FNDA:9,(anonymous_6)
DA:5,4
DA:8,3
DA:16,6
DA:42,0
DA:43,0
DA:50,0
DA:51,0
DA:59,4
DA:60,4
DA:61,4
DA:62,9
DA:63,9
LF:12
LH:8
BRF:0
BRH:0
end_of_record
TN:
SF:src/component_tests/testHelpers.js
FN:4,(anonymous_0)
FNF:1
FNH:1
FNDA:3,(anonymous_0)
DA:4,2
DA:5,3
DA:6,3
DA:7,3
DA:8,3
LF:5
LH:5
BRF:0
BRH:0
end_of_record
TN:
SF:src/components/Account.js
FN:4,(anonymous_0)
FN:6,(anonymous_1)
FNF:2
FNH:2
FNDA:3,(anonymous_0)
FNDA:1,(anonymous_1)
DA:4,2
DA:6,3
DA:7,1
DA:8,1
DA:11,3
LF:5
LH:5
BRF:0
BRH:0
end_of_record
TN:
SF:src/components/Alert.js
FN:5,(anonymous_0)
FN:7,(anonymous_1)
FN:16,(anonymous_2)
FN:22,(anonymous_3)
FN:28,(anonymous_4)
FNF:5
FNH:3
FNDA:17,(anonymous_0)
FNDA:5,(anonymous_1)
FNDA:0,(anonymous_2)
FNDA:0,(anonymous_3)
FNDA:1,(anonymous_4)
DA:5,1
DA:7,17
DA:9,5
DA:10,1
DA:11,1
DA:12,1
DA:13,1
DA:16,1
DA:17,0
DA:18,0
DA:22,1
DA:23,0
DA:24,0
DA:28,1
DA:29,1
DA:30,1
DA:31,1
DA:32,1
DA:33,1
DA:34,0
DA:41,17
LF:21
LH:16
BRDA:9,0,0,1
BRDA:9,0,1,4
BRDA:11,1,0,1
BRDA:11,1,1,0
BRDA:17,2,0,0
BRDA:17,2,1,0
BRDA:23,3,0,0
BRDA:23,3,1,0
BRDA:33,4,0,0
BRDA:33,4,1,1
BRF:10
BRH:4
end_of_record
TN:
SF:src/components/App.js
FN:8,(anonymous_0)
FN:16,(anonymous_1)
FNF:2
FNH:2
FNDA:17,(anonymous_0)
FNDA:4,(anonymous_1)
DA:8,1
DA:10,17
DA:11,17
DA:12,17
DA:13,17
DA:16,17
DA:17,4
DA:18,4
DA:19,0
DA:23,17
LF:10
LH:9
BRDA:18,0,0,0
BRDA:18,0,1,4
BRDA:30,1,0,9
BRDA:30,1,1,8
BRDA:31,2,0,5
BRDA:31,2,1,3
BRDA:32,3,0,3
BRDA:32,3,1,0
BRF:8
BRH:6
end_of_record
TN:
SF:src/components/Feed.js
FN:6,(anonymous_0)
FN:9,(anonymous_1)
FN:11,(anonymous_2)
FN:19,(anonymous_3)
FN:20,(anonymous_4)
FN:26,(anonymous_5)
FNF:6
FNH:6
FNDA:8,(anonymous_0)
FNDA:8,(anonymous_1)
FNDA:2,(anonymous_2)
FNDA:6,(anonymous_3)
FNDA:6,(anonymous_4)
FNDA:6,(anonymous_5)
DA:6,2
DA:7,8
DA:9,8
DA:10,8
DA:11,2
DA:12,2
DA:14,2
DA:17,8
DA:19,8
DA:20,6
DA:21,6
DA:22,6
DA:24,6
DA:26,6
DA:27,6
DA:31,8
LF:16
LH:16
BRDA:10,0,0,2
BRDA:10,0,1,6
BRDA:31,1,0,2
BRDA:31,1,1,6
BRF:4
BRH:4
end_of_record
TN:
SF:src/components/Menu.js
FN:4,(anonymous_0)
FN:8,(anonymous_1)
FN:15,(anonymous_2)
FN:21,(anonymous_3)
FN:25,(anonymous_4)
FN:29,(anonymous_5)
FNF:6
FNH:5
FNDA:22,(anonymous_0)
FNDA:6,(anonymous_1)
FNDA:10,(anonymous_2)
FNDA:4,(anonymous_3)
FNDA:0,(anonymous_4)
FNDA:1,(anonymous_5)
DA:4,1
DA:6,22
DA:8,22
DA:9,6
DA:10,1
DA:12,6
DA:15,22
DA:16,10
DA:19,22
DA:21,4
DA:25,0
DA:29,1
LF:12
LH:11
BRDA:9,0,0,1
BRDA:9,0,1,5
BRDA:21,1,0,13
BRDA:21,1,1,9
BRDA:23,2,0,8
BRDA:23,2,1,14
BRDA:25,3,0,6
BRDA:25,3,1,16
BRDA:29,4,0,3
BRDA:29,4,1,19
BRF:10
BRH:10
end_of_record
TN:
SF:src/components/Peep.js
FN:5,(anonymous_0)
FN:10,(anonymous_1)
FN:54,(anonymous_2)
FNF:3
FNH:3
FNDA:29,(anonymous_0)
FNDA:3,(anonymous_1)
FNDA:22,(anonymous_2)
DA:5,2
DA:7,29
DA:8,29
DA:10,29
DA:12,3
DA:13,3
DA:14,3
DA:15,3
DA:16,3
DA:17,3
DA:19,3
DA:20,1
DA:21,2
DA:22,1
DA:23,1
DA:25,1
DA:26,1
DA:27,1
DA:37,1
DA:38,1
DA:39,1
DA:42,0
DA:43,0
DA:44,0
DA:51,29
DA:54,22
LF:26
LH:23
BRDA:19,0,0,1
BRDA:19,0,1,2
BRDA:21,1,0,1
BRDA:21,1,1,1
BRDA:37,2,0,1
BRDA:37,2,1,0
BRF:6
BRH:5
end_of_record
TN:
SF:src/components/SignUp.js
FN:5,(anonymous_0)
FN:13,(anonymous_1)
FN:20,(anonymous_2)
FN:26,(anonymous_3)
FN:32,(anonymous_4)
FN:35,(anonymous_5)
FN:65,(anonymous_6)
FN:77,(anonymous_7)
FN:89,(anonymous_8)
FN:100,(anonymous_9)
FNF:10
FNH:10
FNDA:57,(anonymous_0)
FNDA:4,(anonymous_1)
FNDA:26,(anonymous_2)
FNDA:3,(anonymous_3)
FNDA:3,(anonymous_4)
FNDA:1,(anonymous_5)
FNDA:5,(anonymous_6)
FNDA:12,(anonymous_7)
FNDA:12,(anonymous_8)
FNDA:1,(anonymous_9)
DA:5,2
DA:6,57
DA:7,57
DA:8,57
DA:9,57
DA:10,57
DA:11,57
DA:13,57
DA:14,4
DA:15,1
DA:16,1
DA:20,57
DA:21,26
DA:26,57
DA:27,3
DA:28,1
DA:29,1
DA:30,1
DA:32,3
DA:35,57
DA:36,1
DA:37,1
DA:38,1
DA:39,1
DA:45,1
DA:46,1
DA:50,0
DA:54,57
DA:65,5
DA:77,12
DA:89,12
DA:100,1
LF:32
LH:31
BRDA:14,0,0,1
BRDA:14,0,1,3
BRDA:21,1,0,23
BRDA:21,1,1,3
BRDA:27,2,0,1
BRDA:27,2,1,2
BRDA:38,3,0,1
BRDA:38,3,1,0
BRDA:38,4,0,1
BRDA:38,4,1,1
BRDA:38,4,2,1
BRDA:45,5,0,1
BRDA:45,5,1,0
BRDA:93,6,0,46
BRDA:93,6,1,11
BRF:15
BRH:13
end_of_record
